This is XeTeX, Version 3.1415926-2.3-0.9997.5 (MiKTeX 2.9) (preloaded format=xelatex 2017.10.21)  23 FEB 2018 12:49
entering extended mode
**dongzheng.tex

(D:\cygwin64\home\document\suibe\2018\dongzheng\paper\latex_article\dongzheng.t
ex
LaTeX2e <2011/06/27>
Babel <v3.8m> and hyphenation patterns for loaded.
(D:\CTEX\MiKTeX\tex\latex\base\article.cls
Document Class: article 2007/10/19 v1.4h Standard LaTeX document class
(D:\CTEX\MiKTeX\tex\latex\base\size10.clo
File: size10.clo 2007/10/19 v1.4h Standard LaTeX file (size option)
)
\c@part=\count80
\c@section=\count81
\c@subsection=\count82
\c@subsubsection=\count83
\c@paragraph=\count84
\c@subparagraph=\count85
\c@figure=\count86
\c@table=\count87
\abovecaptionskip=\skip41
\belowcaptionskip=\skip42
\bibindent=\dimen102
)
(D:\cygwin64\home\document\suibe\2018\dongzheng\paper\latex_article\KTHEEtitlep
age.sty
Package: KTHEEtitlepage 2004/09/21 KTH EE titlepage package
File: here_the_logos 2004/09/21 KTH logo English, BW
File: here_the_logos 2004/09/21 KTH logo Swedish, BW
File: here_the_logos 2004/09/21 KTH logo Swedish, colour
File: here_the_logos 2004/09/21 KTH logo Swedish, colour
 (D:\CTEX\MiKTeX\tex\latex\graphics\graphicx.sty
Package: graphicx 1999/02/16 v1.0f Enhanced LaTeX Graphics (DPC,SPQR)

(D:\CTEX\MiKTeX\tex\latex\graphics\keyval.sty
Package: keyval 1999/03/16 v1.13 key=value parser (DPC)
\KV@toks@=\toks14
)
(D:\CTEX\MiKTeX\tex\latex\graphics\graphics.sty
Package: graphics 2009/02/05 v1.0o Standard LaTeX Graphics (DPC,SPQR)

(D:\CTEX\MiKTeX\tex\latex\graphics\trig.sty
Package: trig 1999/03/16 v1.09 sin cos tan (DPC)
)
(D:\CTEX\MiKTeX\tex\latex\00miktex\graphics.cfg
File: graphics.cfg 2007/01/18 v1.5 graphics configuration of teTeX/TeXLive
)
Package graphics Info: Driver file: xetex.def on input line 91.

(D:\CTEX\MiKTeX\tex\xelatex\xetex-def\xetex.def
File: xetex.def 2009/11/22 v0.94 LaTeX color/graphics driver for XeTeX (RRM/JK)

))
\Gin@req@height=\dimen103
\Gin@req@width=\dimen104
)
(D:\CTEX\MiKTeX\tex\latex\graphics\color.sty
Package: color 2005/11/14 v1.0j Standard LaTeX Color (DPC)

(D:\CTEX\MiKTeX\tex\latex\00miktex\color.cfg
File: color.cfg 2007/01/18 v1.5 color configuration of teTeX/TeXLive
)
Package color Info: Driver file: xetex.def on input line 130.
)
(D:\CTEX\MiKTeX\tex\latex\tools\calc.sty
Package: calc 2007/08/22 v4.3 Infix arithmetic (KKT,FJ)
\calc@Acount=\count88
\calc@Bcount=\count89
\calc@Adimen=\dimen105
\calc@Bdimen=\dimen106
\calc@Askip=\skip43
\calc@Bskip=\skip44
LaTeX Info: Redefining \setlength on input line 76.
LaTeX Info: Redefining \addtolength on input line 77.
\calc@Ccount=\count90
\calc@Cskip=\skip45
)
\titlep@getextwidth=\skip46
\titlep@gewhitemargin=\skip47
\titlep@geleftmargin=\skip48
\titlep@gemarginsep=\skip49
\titlep@getextheight=\skip50
\titlep@getopmargin=\skip51
\tmpl@ngth=\skip52
)
(D:\CTEX\MiKTeX\tex\xelatex\xetexurl\url.sty
\Urlmuskip=\muskip10
Package: url 2004/03/15  ver 3.1  Verb mode for urls, etc.
)
(D:\CTEX\MiKTeX\tex\latex\multirow\multirow.sty
\bigstrutjot=\dimen107
)
(D:\CTEX\MiKTeX\tex\xelatex\xecjk\xeCJK.sty
Package: xeCJK 2012/01/31 2.4.5 package for typesetting CJK scripts with XeLaTe
X

(D:\CTEX\MiKTeX\tex\generic\ifxetex\ifxetex.sty
Package: ifxetex 2010/09/12 v0.6 Provides ifxetex conditional
)
(D:\CTEX\MiKTeX\tex\latex\xkeyval\xkeyval.sty
Package: xkeyval 2008/08/13 v2.6a package option processing (HA)

(D:\CTEX\MiKTeX\tex\generic\xkeyval\xkeyval.tex
\XKV@toks=\toks15
\XKV@tempa@toks=\toks16
\XKV@depth=\count91
File: xkeyval.tex 2008/08/13 v2.6a key=value parser (HA)
))
(D:\CTEX\MiKTeX\tex\latex\l3kernel\expl3.sty
(D:\CTEX\MiKTeX\tex\latex\l3kernel\l3names.sty
(D:\CTEX\MiKTeX\tex\latex\l3kernel\l3bootstrap.sty
Package: l3bootstrap 2011/12/29 v3110 L3 Experimental bootstrap code
)
Package: l3names 2011/12/30 v3113 L3 Experimental namespace for primitives
)
(D:\CTEX\MiKTeX\tex\latex\misc\etex.sty
Package: etex 1998/03/26 v2.0 eTeX basic definition package (PEB)
\et@xins=\count92
)
Package: expl3 2012/02/26 v3471 L3 Experimental code bundle wrapper

(D:\CTEX\MiKTeX\tex\latex\l3kernel\l3basics.sty
Package: l3basics 2012/02/26 v3460 L3 Experimental basic definitions
)
(D:\CTEX\MiKTeX\tex\latex\l3kernel\l3expan.sty
Package: l3expan 2012/02/26 v3460 L3 Experimental argument expansion
)
(D:\CTEX\MiKTeX\tex\latex\l3kernel\l3tl.sty
Package: l3tl 2012/02/26 v3460 L3 Experimental token lists
)
(D:\CTEX\MiKTeX\tex\latex\l3kernel\l3seq.sty
Package: l3seq 2012/01/09 v3158 L3 Experimental sequences and stacks
)
(D:\CTEX\MiKTeX\tex\latex\l3kernel\l3int.sty
Package: l3int 2012/02/26 v3460 L3 Experimental integers
\c_max_int=\count93
\l_tmpa_int=\count94
\l_tmpb_int=\count95
\l_tmpc_int=\count96
\g_tmpa_int=\count97
\g_tmpb_int=\count98
)
(D:\CTEX\MiKTeX\tex\latex\l3kernel\l3quark.sty
Package: l3quark 2012/02/12 v3384 L3 Experimental quarks
)
(D:\CTEX\MiKTeX\tex\latex\l3kernel\l3prg.sty
Package: l3prg 2012/02/26 v3464 L3 Experimental control structures
\g_prg_map_int=\count99
)
(D:\CTEX\MiKTeX\tex\latex\l3kernel\l3clist.sty
Package: l3clist 2012/02/26 v3460 L3 Experimental comma separated lists
)
(D:\CTEX\MiKTeX\tex\latex\l3kernel\l3token.sty
Package: l3token 2012/02/26 v3460 L3 Experimental token manipulation
)
(D:\CTEX\MiKTeX\tex\latex\l3kernel\l3prop.sty
Package: l3prop 2012/02/26 v3460 L3 Experimental property lists
)
(D:\CTEX\MiKTeX\tex\latex\l3kernel\l3msg.sty
Package: l3msg 2012/02/26 v3470 L3 Experimental messages
)
(D:\CTEX\MiKTeX\tex\latex\l3kernel\l3file.sty
Package: l3file 2012/02/26 v3464 L3 Experimental file and I/O operations
\l_iow_stream_int=\count100
\l_iow_line_length_int=\count101
\l_iow_target_length_int=\count102
\l_iow_current_line_int=\count103
\l_iow_current_word_int=\count104
\l_iow_current_indentation_int=\count105
)
(D:\CTEX\MiKTeX\tex\latex\l3kernel\l3skip.sty
Package: l3skip 2012/02/26 v3460 L3 Experimental dimensions and skips
\l_tmpa_dim=\dimen108
\l_tmpb_dim=\dimen109
\l_tmpc_dim=\dimen110
\g_tmpa_dim=\dimen111
\g_tmpb_dim=\dimen112
\l_tmpa_skip=\skip53
\l_tmpb_skip=\skip54
\l_tmpc_skip=\skip55
\g_tmpa_skip=\skip56
\g_tmpb_skip=\skip57
)
(D:\CTEX\MiKTeX\tex\latex\l3kernel\l3keys.sty
Package: l3keys 2011/12/22 v3086 L3 Experimental key-value interfaces
\g_keyval_level_int=\count106
\l_keys_choice_int=\count107
)
(D:\CTEX\MiKTeX\tex\latex\l3kernel\l3fp.sty
Package: l3fp 2012/02/06 v3315 L3 Experimental floating-point operations
\c_one_hundred_million=\count108
\c_five_hundred_million=\count109
\c_one_thousand_million=\count110
\c_fp_pi_by_four_decimal_int=\count111
\c_fp_pi_by_four_extended_int=\count112
\c_fp_pi_decimal_int=\count113
\c_fp_pi_extended_int=\count114
\c_fp_two_pi_decimal_int=\count115
\c_fp_two_pi_extended_int=\count116
\l_fp_count_int=\count117
\l_fp_div_offset_int=\count118
\l_fp_exp_integer_int=\count119
\l_fp_exp_decimal_int=\count120
\l_fp_exp_extended_int=\count121
\l_fp_exp_exponent_int=\count122
\l_fp_input_a_sign_int=\count123
\l_fp_input_a_integer_int=\count124
\l_fp_input_a_decimal_int=\count125
\l_fp_input_a_exponent_int=\count126
\l_fp_input_b_sign_int=\count127
\l_fp_input_b_integer_int=\count128
\l_fp_input_b_decimal_int=\count129
\l_fp_input_b_exponent_int=\count130
\l_fp_input_a_extended_int=\count131
\l_fp_input_b_extended_int=\count132
\l_fp_mul_a_i_int=\count133
\l_fp_mul_a_ii_int=\count134
\l_fp_mul_a_iii_int=\count135
\l_fp_mul_a_iv_int=\count136
\l_fp_mul_a_v_int=\count137
\l_fp_mul_a_vi_int=\count138
\l_fp_mul_b_i_int=\count139
\l_fp_mul_b_ii_int=\count140
\l_fp_mul_b_iii_int=\count141
\l_fp_mul_b_iv_int=\count142
\l_fp_mul_b_v_int=\count143
\l_fp_mul_b_vi_int=\count144
\l_fp_mul_output_int=\count145
\l_fp_output_sign_int=\count146
\l_fp_output_integer_int=\count147
\l_fp_output_decimal_int=\count148
\l_fp_output_exponent_int=\count149
\l_fp_output_extended_int=\count150
\l_fp_round_position_int=\count151
\l_fp_round_target_int=\count152
\l_fp_split_sign_int=\count153
\l_fp_internal_int=\count154
\l_fp_trig_octant_int=\count155
\l_fp_trig_sign_int=\count156
\l_fp_trig_decimal_int=\count157
\l_fp_trig_extended_int=\count158
\l_fp_internal_dim=\dimen113
\l_fp_internal_skip=\skip58
)
(D:\CTEX\MiKTeX\tex\latex\l3kernel\l3box.sty
Package: l3box 2012/02/18 v3432 L3 Experimental boxes
\l_tmpb_box=\box26
\l_box_top_dim=\dimen114
\l_box_bottom_dim=\dimen115
\l_box_left_dim=\dimen116
\l_box_right_dim=\dimen117
\l_box_top_new_dim=\dimen118
\l_box_bottom_new_dim=\dimen119
\l_box_left_new_dim=\dimen120
\l_box_right_new_dim=\dimen121
\l_box_internal_box=\box27
)
(D:\CTEX\MiKTeX\tex\latex\l3kernel\l3coffins.sty
Package: l3coffins 2012/02/26 v3460 L3 Experimental coffin code layer
\l_coffin_internal_box=\box28
\l_coffin_internal_dim=\dimen122
\l_coffin_offset_x_dim=\dimen123
\l_coffin_offset_y_dim=\dimen124
\l_coffin_x_dim=\dimen125
\l_coffin_y_dim=\dimen126
\l_coffin_x_prime_dim=\dimen127
\l_coffin_y_prime_dim=\dimen128
\l_coffin_Depth_dim=\dimen129
\l_coffin_Height_dim=\dimen130
\l_coffin_TotalHeight_dim=\dimen131
\l_coffin_Width_dim=\dimen132
\c_empty_coffin=\box29
\l_coffin_aligned_coffin=\box30
\l_coffin_aligned_internal_coffin=\box31
\l_coffin_bounding_shift_dim=\dimen133
\l_coffin_left_corner_dim=\dimen134
\l_coffin_right_corner_dim=\dimen135
\l_coffin_bottom_corner_dim=\dimen136
\l_coffin_top_corner_dim=\dimen137
\l_coffin_scaled_total_height_dim=\dimen138
\l_coffin_scaled_width_dim=\dimen139
\l_coffin_display_coffin=\box32
\l_coffin_display_coord_coffin=\box33
\l_coffin_display_pole_coffin=\box34
\l_coffin_display_offset_dim=\dimen140
\l_coffin_display_x_dim=\dimen141
\l_coffin_display_y_dim=\dimen142
)
(D:\CTEX\MiKTeX\tex\latex\l3kernel\l3color.sty
Package: l3color 2011/09/07 v2776 L3 Experimental colour support
)
(D:\CTEX\MiKTeX\tex\latex\l3kernel\l3luatex.sty
Package: l3luatex 2012/02/09 v3355 L3 Experimental LuaTeX-specific functions
\g_cctab_allocate_int=\count159
\g_cctab_stack_int=\count160
))
(D:\CTEX\MiKTeX\tex\latex\fontspec\fontspec.sty
Package: fontspec 2011/09/18 v2.2a Advanced font selection for XeLaTeX/LuaLaTeX


(D:\CTEX\MiKTeX\tex\latex\l3packages\xparse\xparse.sty
Package: xparse 2012/02/26 v3471 L3 Experimental document command parser
\l_xparse_current_arg_int=\count161
\l_xparse_m_args_int=\count162
\l_xparse_mandatory_args_int=\count163
\l_xparse_processor_int=\count164
\l_xparse_v_nesting_int=\count165
)
\l_fontspec_script_int=\count166
\l_fontspec_language_int=\count167
\l_fontspec_strnum_int=\count168
\l_fontspec_tmpa_dim=\dimen143
\l_fontspec_tmpb_dim=\dimen144
\l_fontspec_tmpc_dim=\dimen145
Variant \tl_gset:cV already defined; not changing it on line 66

(D:\CTEX\MiKTeX\tex\latex\fontspec\fontspec-patches.sty
Package: fontspec-patches 2011/09/18 v2.2a Advanced font selection for XeLaTeX/
LuaLaTeX

(D:\CTEX\MiKTeX\tex\latex\base\fixltx2e.sty
Package: fixltx2e 2006/09/13 v1.1m fixes to LaTeX
LaTeX Info: Redefining \em on input line 420.
)
LaTeX Info: Redefining \em on input line 22.
LaTeX Info: Redefining \emph on input line 29.
LaTeX Info: Redefining \- on input line 32.

*************************************************
* LaTeX warning: "xparse/redefine-command"
* 
* Redefining document command \oldstylenums with arg. spec. 'm' on line 107.
*************************************************
.................................................
. LaTeX info: "xparse/define-command"
. 
. Defining document command \liningnums with arg. spec. 'm' on line 111.
.................................................
) (D:\CTEX\MiKTeX\tex\latex\fontspec\fontspec-xetex.sty
Package: fontspec-xetex 2011/09/18 v2.2a Advanced font selection for XeLaTeX/Lu
aLaTeX

(D:\CTEX\MiKTeX\tex\latex\base\fontenc.sty
Package: fontenc 2005/09/27 v1.99g Standard LaTeX package

(D:\CTEX\MiKTeX\tex\latex\euenc\eu1enc.def
File: eu1enc.def 2010/05/27 v0.1h Experimental Unicode font encodings
)
LaTeX Font Info:    Try loading font information for EU1+lmr on input line 100.


(D:\CTEX\MiKTeX\tex\latex\euenc\eu1lmr.fd
File: eu1lmr.fd 2009/10/30 v1.6 Font defs for Latin Modern
)
Requested font "[lmroman10-regular]:mapping=tex-text" at 10.0pt
 -> D:/CTEX/MiKTeX/fonts/opentype/public/lm/lmroman10-regular.otf
)
(D:\CTEX\MiKTeX\tex\xelatex\xunicode\xunicode.sty
File: xunicode.sty 2011/09/09 v0.981 provides access to latin accents and many 
other characters in Unicode lower plane

(D:\CTEX\MiKTeX\tex\latex\tipa\t3enc.def
File: t3enc.def 2001/12/31 T3 encoding
Requested font "[lmromanslant10-regular]:mapping=tex-text" at 10.0pt
 -> D:/CTEX/MiKTeX/fonts/opentype/public/lm/lmromanslant10-regular.otf
Requested font "[lmroman10-italic]:mapping=tex-text" at 10.0pt
 -> D:/CTEX/MiKTeX/fonts/opentype/public/lm/lmroman10-italic.otf
Requested font "[lmroman10-bold]:mapping=tex-text" at 10.0pt
 -> D:/CTEX/MiKTeX/fonts/opentype/public/lm/lmroman10-bold.otf
LaTeX Font Info:    Try loading font information for EU1+lmss on input line 357
.

(D:\CTEX\MiKTeX\tex\latex\euenc\eu1lmss.fd
File: eu1lmss.fd 2009/10/30 v1.6 Font defs for Latin Modern
)
Requested font "[lmsans10-regular]:mapping=tex-text" at 10.0pt
 -> D:/CTEX/MiKTeX/fonts/opentype/public/lm/lmsans10-regular.otf
)
\tipaTiiicode=\count169
\tipasavetokens=\toks17
\tipachecktokens=\toks18
)
.................................................
. LaTeX info: "xparse/define-command"
. 
. Defining document command \fontspec with arg. spec. 'O{}m' on line 39.
.................................................
.................................................
. LaTeX info: "xparse/define-command"
. 
. Defining document command \setmainfont with arg. spec. 'O{}m' on line 43.
.................................................
.................................................
. LaTeX info: "xparse/define-command"
. 
. Defining document command \setsansfont with arg. spec. 'O{}m' on line 47.
.................................................
.................................................
. LaTeX info: "xparse/define-command"
. 
. Defining document command \setmonofont with arg. spec. 'O{}m' on line 51.
.................................................
.................................................
. LaTeX info: "xparse/define-command"
. 
. Defining document command \setmathrm with arg. spec. 'O{}m' on line 59.
.................................................
.................................................
. LaTeX info: "xparse/define-command"
. 
. Defining document command \setboldmathrm with arg. spec. 'O{}m' on line 62.
.................................................
.................................................
. LaTeX info: "xparse/define-command"
. 
. Defining document command \setmathsf with arg. spec. 'O{}m' on line 65.
.................................................
.................................................
. LaTeX info: "xparse/define-command"
. 
. Defining document command \setmathtt with arg. spec. 'O{}m' on line 68.
.................................................
.................................................
. LaTeX info: "xparse/define-command"
. 
. Defining document command \newfontfamily with arg. spec. 'mO{}m' on line 84.
.................................................
.................................................
. LaTeX info: "xparse/define-command"
. 
. Defining document command \newfontface with arg. spec. 'mO{}m' on line 87.
.................................................
.................................................
. LaTeX info: "xparse/define-command"
. 
. Defining document command \defaultfontfeatures with arg. spec. 'm' on line
. 91.
.................................................
.................................................
. LaTeX info: "xparse/define-command"
. 
. Defining document command \addfontfeatures with arg. spec. 'm' on line 107.
.................................................
.................................................
. LaTeX info: "xparse/define-command"
. 
. Defining document command \newfontfeature with arg. spec. 'mm' on line 118.
.................................................
.................................................
. LaTeX info: "xparse/define-command"
. 
. Defining document command \newAATfeature with arg. spec. 'mmmm' on line 125.
.................................................
.................................................
. LaTeX info: "xparse/define-command"
. 
. Defining document command \newICUfeature with arg. spec. 'mmm' on line 132.
.................................................
.................................................
. LaTeX info: "xparse/define-command"
. 
. Defining document command \aliasfontfeature with arg. spec. 'mm' on line
. 159.
.................................................
.................................................
. LaTeX info: "xparse/define-command"
. 
. Defining document command \aliasfontfeatureoption with arg. spec. 'mmm' on
. line 164.
.................................................
.................................................
. LaTeX info: "xparse/define-command"
. 
. Defining document command \newfontscript with arg. spec. 'mm' on line 169.
.................................................
.................................................
. LaTeX info: "xparse/define-command"
. 
. Defining document command \newfontlanguage with arg. spec. 'mm' on line 192.
.................................................
.................................................
. LaTeX info: "xparse/define-command"
. 
. Defining document command \DeclareFontsExtensions with arg. spec. 'm' on
. line 211.
.................................................
Variant \prop_gput:cnV already defined; not changing it on line 485
Variant \prop_gput:cnx already defined; not changing it on line 486
Variant \keys_set:nx already defined; not changing it on line 963
\c@fontspec_tmp_int=\count170
LaTeX Info: Redefining \itshape on input line 1881.
LaTeX Info: Redefining \slshape on input line 1885.
LaTeX Info: Redefining \scshape on input line 1889.
LaTeX Info: Redefining \upshape on input line 1893.

(D:\CTEX\MiKTeX\tex\latex\fontspec\fontspec.cfg)))
\xeCJK@cnta=\count171
\xeCJK@cntb=\count172
\xeCJK@cntc=\count173
\xeCJK@cntd=\count174
\xeCJK@cnte=\count175
\xeCJK@dima=\dimen146
LaTeX Info: Redefining \normalfont on input line 886.
LaTeX Info: Redefining \rmfamily on input line 895.
LaTeX Info: Redefining \sffamily on input line 899.
LaTeX Info: Redefining \ttfamily on input line 903.
\xeCJK@featureadded=\count176
\g_xecjk_exspace_dim=\dimen147

(D:\CTEX\MiKTeX\tex\latex\cjk\CJKnumb.sty
Package: CJKnumb 2008/12/29 4.8.2
\CJK@q=\count177
\CJK@r=\count178
))
(D:\CTEX\MiKTeX\tex\latex\geometry\geometry.sty
Package: geometry 2010/09/12 v5.6 Page Geometry

(D:\CTEX\MiKTeX\tex\generic\oberdiek\ifpdf.sty
Package: ifpdf 2011/01/30 v2.3 Provides the ifpdf switch (HO)
Package ifpdf Info: pdfTeX in PDF mode is not detected.
)
(D:\CTEX\MiKTeX\tex\generic\oberdiek\ifvtex.sty
Package: ifvtex 2010/03/01 v1.5 Switches for detecting VTeX and its modes (HO)
Package ifvtex Info: VTeX not detected.
)
\Gm@cnth=\count179
\Gm@cntv=\count180
\c@Gm@tempcnt=\count181
\Gm@bindingoffset=\dimen148
\Gm@wd@mp=\dimen149
\Gm@odd@mp=\dimen150
\Gm@even@mp=\dimen151
\Gm@layoutwidth=\dimen152
\Gm@layoutheight=\dimen153
\Gm@layouthoffset=\dimen154
\Gm@layoutvoffset=\dimen155
\Gm@dimlist=\toks19

(D:\CTEX\MiKTeX\tex\xelatex\xetexconfig\geometry.cfg))
(D:\CTEX\MiKTeX\tex\latex\float\float.sty
Package: float 2001/11/08 v1.3d Float enhancements (AL)
\c@float@type=\count182
\float@exts=\toks20
\float@box=\box35
\@float@everytoks=\toks21
\@floatcapt=\box36
)
(D:\CTEX\MiKTeX\tex\latex\cite\cite.sty
LaTeX Info: Redefining \cite on input line 302.
LaTeX Info: Redefining \nocite on input line 373.
Package: cite 2010/09/10  v 5.3
)
(D:\CTEX\MiKTeX\tex\latex\ams\math\amsmath.sty
Package: amsmath 2000/07/18 v2.13 AMS math features
\@mathmargin=\skip59

For additional information on amsmath, use the `?' option.
(D:\CTEX\MiKTeX\tex\latex\ams\math\amstext.sty
Package: amstext 2000/06/29 v2.01

(D:\CTEX\MiKTeX\tex\latex\ams\math\amsgen.sty
File: amsgen.sty 1999/11/30 v2.0
\@emptytoks=\toks22
\ex@=\dimen156
))
(D:\CTEX\MiKTeX\tex\latex\ams\math\amsbsy.sty
Package: amsbsy 1999/11/29 v1.2d
\pmbraise@=\dimen157
)
(D:\CTEX\MiKTeX\tex\latex\ams\math\amsopn.sty
Package: amsopn 1999/12/14 v2.01 operator names
)
\inf@bad=\count183
LaTeX Info: Redefining \frac on input line 211.
\uproot@=\count184
\leftroot@=\count185
LaTeX Info: Redefining \overline on input line 307.
\classnum@=\count186
\DOTSCASE@=\count187
LaTeX Info: Redefining \ldots on input line 379.
LaTeX Info: Redefining \dots on input line 382.
LaTeX Info: Redefining \cdots on input line 467.
\Mathstrutbox@=\box37
\strutbox@=\box38
\big@size=\dimen158
LaTeX Font Info:    Redeclaring font encoding OML on input line 567.
LaTeX Font Info:    Redeclaring font encoding OMS on input line 568.
\macc@depth=\count188
\c@MaxMatrixCols=\count189
\dotsspace@=\muskip11
\c@parentequation=\count190
\dspbrk@lvl=\count191
\tag@help=\toks23
\row@=\count192
\column@=\count193
\maxfields@=\count194
\andhelp@=\toks24
\eqnshift@=\dimen159
\alignsep@=\dimen160
\tagshift@=\dimen161
\tagwidth@=\dimen162
\totwidth@=\dimen163
\lineht@=\dimen164
\@envbody=\toks25
\multlinegap=\skip60
\multlinetaggap=\skip61
\mathdisplay@stack=\toks26
LaTeX Info: Redefining \[ on input line 2666.
LaTeX Info: Redefining \] on input line 2667.
)
(D:\CTEX\MiKTeX\tex\latex\threeparttable\threeparttable.sty
Package: threeparttable 2003/06/13  v 3.0
\@tempboxb=\box39
)
(D:\CTEX\MiKTeX\tex\latex\booktabs\booktabs.sty
Package: booktabs 2005/04/14 v1.61803 publication quality tables
\heavyrulewidth=\dimen165
\lightrulewidth=\dimen166
\cmidrulewidth=\dimen167
\belowrulesep=\dimen168
\belowbottomsep=\dimen169
\aboverulesep=\dimen170
\abovetopsep=\dimen171
\cmidrulesep=\dimen172
\cmidrulekern=\dimen173
\defaultaddspace=\dimen174
\@cmidla=\count195
\@cmidlb=\count196
\@aboverulesep=\dimen175
\@belowrulesep=\dimen176
\@thisruleclass=\count197
\@lastruleclass=\count198
\@thisrulewidth=\dimen177
)
(D:\CTEX\MiKTeX\tex\latex\tools\indentfirst.sty
Package: indentfirst 1995/11/23 v1.03 Indent first paragraph (DPC)
)
(D:\CTEX\MiKTeX\tex\latex\natbib\natbib.sty
Package: natbib 2010/09/13 8.31b (PWD, AO)


Package natbib Warning: The `cite' package should not be used
(natbib)                with natbib. Use option `sort' instead.

\bibhang=\skip62
\bibsep=\skip63
LaTeX Info: Redefining \cite on input line 694.
LaTeX Info: Redefining \citenum on input line 708.
\c@NAT@ctr=\count199
) (D:\CTEX\MiKTeX\tex\latex\xcolor\xcolor.sty
Package: xcolor 2007/01/21 v2.11 LaTeX color extensions (UK)

(D:\CTEX\MiKTeX\tex\latex\00miktex\color.cfg
File: color.cfg 2007/01/18 v1.5 color configuration of teTeX/TeXLive
)
Package xcolor Info: Driver file: xetex.def on input line 225.
LaTeX Info: Redefining \color on input line 702.
Package xcolor Info: Model `cmy' substituted by `cmy0' on input line 1337.
Package xcolor Info: Model `RGB' extended on input line 1353.
Package xcolor Info: Model `HTML' substituted by `rgb' on input line 1355.
Package xcolor Info: Model `Hsb' substituted by `hsb' on input line 1356.
Package xcolor Info: Model `tHsb' substituted by `hsb' on input line 1357.
Package xcolor Info: Model `HSB' substituted by `hsb' on input line 1358.
Package xcolor Info: Model `Gray' substituted by `gray' on input line 1359.
Package xcolor Info: Model `wave' substituted by `hsb' on input line 1360.
)
(D:\CTEX\MiKTeX\tex\latex\base\textcomp.sty
Package: textcomp 2005/09/27 v1.99g Standard LaTeX package
Package textcomp Info: Sub-encoding information:
(textcomp)               5 = only ISO-Adobe without \textcurrency
(textcomp)               4 = 5 + \texteuro
(textcomp)               3 = 4 + \textohm
(textcomp)               2 = 3 + \textestimated + \textcurrency
(textcomp)               1 = TS1 - \textcircled - \t
(textcomp)               0 = TS1 (full)
(textcomp)             Font families with sub-encoding setting implement
(textcomp)             only a restricted character set as indicated.
(textcomp)             Family '?' is the default used for unknown fonts.
(textcomp)             See the documentation for details.
Package textcomp Info: Setting ? sub-encoding to TS1/1 on input line 71.

(D:\CTEX\MiKTeX\tex\latex\base\ts1enc.def
File: ts1enc.def 2001/06/05 v3.0e (jk/car/fm) Standard LaTeX file
)
LaTeX Info: Redefining \oldstylenums on input line 266.
Package textcomp Info: Setting cmr sub-encoding to TS1/0 on input line 281.
Package textcomp Info: Setting cmss sub-encoding to TS1/0 on input line 282.
Package textcomp Info: Setting cmtt sub-encoding to TS1/0 on input line 283.
Package textcomp Info: Setting cmvtt sub-encoding to TS1/0 on input line 284.
Package textcomp Info: Setting cmbr sub-encoding to TS1/0 on input line 285.
Package textcomp Info: Setting cmtl sub-encoding to TS1/0 on input line 286.
Package textcomp Info: Setting ccr sub-encoding to TS1/0 on input line 287.
Package textcomp Info: Setting ptm sub-encoding to TS1/4 on input line 288.
Package textcomp Info: Setting pcr sub-encoding to TS1/4 on input line 289.
Package textcomp Info: Setting phv sub-encoding to TS1/4 on input line 290.
Package textcomp Info: Setting ppl sub-encoding to TS1/3 on input line 291.
Package textcomp Info: Setting pag sub-encoding to TS1/4 on input line 292.
Package textcomp Info: Setting pbk sub-encoding to TS1/4 on input line 293.
Package textcomp Info: Setting pnc sub-encoding to TS1/4 on input line 294.
Package textcomp Info: Setting pzc sub-encoding to TS1/4 on input line 295.
Package textcomp Info: Setting bch sub-encoding to TS1/4 on input line 296.
Package textcomp Info: Setting put sub-encoding to TS1/5 on input line 297.
Package textcomp Info: Setting uag sub-encoding to TS1/5 on input line 298.
Package textcomp Info: Setting ugq sub-encoding to TS1/5 on input line 299.
Package textcomp Info: Setting ul8 sub-encoding to TS1/4 on input line 300.
Package textcomp Info: Setting ul9 sub-encoding to TS1/4 on input line 301.
Package textcomp Info: Setting augie sub-encoding to TS1/5 on input line 302.
Package textcomp Info: Setting dayrom sub-encoding to TS1/3 on input line 303.
Package textcomp Info: Setting dayroms sub-encoding to TS1/3 on input line 304.

Package textcomp Info: Setting pxr sub-encoding to TS1/0 on input line 305.
Package textcomp Info: Setting pxss sub-encoding to TS1/0 on input line 306.
Package textcomp Info: Setting pxtt sub-encoding to TS1/0 on input line 307.
Package textcomp Info: Setting txr sub-encoding to TS1/0 on input line 308.
Package textcomp Info: Setting txss sub-encoding to TS1/0 on input line 309.
Package textcomp Info: Setting txtt sub-encoding to TS1/0 on input line 310.
Package textcomp Info: Setting lmr sub-encoding to TS1/0 on input line 311.
Package textcomp Info: Setting lmdh sub-encoding to TS1/0 on input line 312.
Package textcomp Info: Setting lmss sub-encoding to TS1/0 on input line 313.
Package textcomp Info: Setting lmssq sub-encoding to TS1/0 on input line 314.
Package textcomp Info: Setting lmvtt sub-encoding to TS1/0 on input line 315.
Package textcomp Info: Setting qhv sub-encoding to TS1/0 on input line 316.
Package textcomp Info: Setting qag sub-encoding to TS1/0 on input line 317.
Package textcomp Info: Setting qbk sub-encoding to TS1/0 on input line 318.
Package textcomp Info: Setting qcr sub-encoding to TS1/0 on input line 319.
Package textcomp Info: Setting qcs sub-encoding to TS1/0 on input line 320.
Package textcomp Info: Setting qpl sub-encoding to TS1/0 on input line 321.
Package textcomp Info: Setting qtm sub-encoding to TS1/0 on input line 322.
Package textcomp Info: Setting qzc sub-encoding to TS1/0 on input line 323.
Package textcomp Info: Setting qhvc sub-encoding to TS1/0 on input line 324.
Package textcomp Info: Setting futs sub-encoding to TS1/4 on input line 325.
Package textcomp Info: Setting futx sub-encoding to TS1/4 on input line 326.
Package textcomp Info: Setting futj sub-encoding to TS1/4 on input line 327.
Package textcomp Info: Setting hlh sub-encoding to TS1/3 on input line 328.
Package textcomp Info: Setting hls sub-encoding to TS1/3 on input line 329.
Package textcomp Info: Setting hlst sub-encoding to TS1/3 on input line 330.
Package textcomp Info: Setting hlct sub-encoding to TS1/5 on input line 331.
Package textcomp Info: Setting hlx sub-encoding to TS1/5 on input line 332.
Package textcomp Info: Setting hlce sub-encoding to TS1/5 on input line 333.
Package textcomp Info: Setting hlcn sub-encoding to TS1/5 on input line 334.
Package textcomp Info: Setting hlcw sub-encoding to TS1/5 on input line 335.
Package textcomp Info: Setting hlcf sub-encoding to TS1/5 on input line 336.
Package textcomp Info: Setting pplx sub-encoding to TS1/3 on input line 337.
Package textcomp Info: Setting pplj sub-encoding to TS1/3 on input line 338.
Package textcomp Info: Setting ptmx sub-encoding to TS1/4 on input line 339.
Package textcomp Info: Setting ptmj sub-encoding to TS1/4 on input line 340.
)
(D:\CTEX\MiKTeX\tex\latex\setspace\setspace.sty
Package: setspace 2011/12/19 v6.7a set line spacing
)
(D:\CTEX\MiKTeX\tex\latex\psnfss\palatino.sty
Package: palatino 2005/04/12 PSNFSS-v9.2a (SPQR) 
)
(D:\CTEX\MiKTeX\tex\latex\makecell\makecell.sty
Package: makecell 2009/08/03 V0.1e Managing of Tab Column Heads and Cells

(D:\CTEX\MiKTeX\tex\latex\tools\array.sty
Package: array 2008/09/09 v2.4c Tabular extension package (FMi)
\col@sep=\dimen178
\extrarowheight=\dimen179
\NC@list=\toks27
\extratabsurround=\skip64
\backup@length=\skip65
)
\rotheadsize=\dimen180
\c@nlinenum=\count200
\TeXr@lab=\toks28
)
(D:\CTEX\MiKTeX\tex\latex\listings\Listings.sty
\lst@mode=\count201
\lst@gtempboxa=\box40
\lst@token=\toks29
Normal \count register pool exhausted, switching to extended pool.
\lst@length=\count277
\lst@currlwidth=\dimen181
\lst@column=\count278
\lst@pos=\count279
\lst@lostspace=\dimen182
\lst@width=\dimen183
\lst@newlines=\count280
\lst@lineno=\count281
\lst@maxwidth=\dimen184

(D:\CTEX\MiKTeX\tex\latex\listings\lstmisc.sty
File: lstmisc.sty 2007/02/22 1.4 (Carsten Heinz)
\c@lstnumber=\count282
\lst@skipnumbers=\count283
\lst@framebox=\box41
)
(D:\CTEX\MiKTeX\tex\latex\listings\listings.cfg
File: listings.cfg 2007/02/22 1.4 listings configuration
))

LaTeX Warning: You have requested package `Listings',
               but the package provides `listings'.

Package: listings 2007/02/22 1.4 (Carsten Heinz)
(D:\CTEX\MiKTeX\tex\latex\titlesec\titlesec.sty
Package: titlesec 2011/12/15 v2.10.0 Sectioning titles
\ttl@box=\box42
\beforetitleunit=\skip66
\aftertitleunit=\skip67
\ttl@plus=\dimen185
\ttl@minus=\dimen186
\ttl@toksa=\toks30
\titlewidth=\dimen187
\titlewidthlast=\dimen188
\titlewidthfirst=\dimen189
)
Requested font "Times New Roman" at 10.0pt
 -> C:/Windows/Fonts/times.ttf
Requested font "Times New Roman/ICU" at 10.0pt
 -> C:/Windows/Fonts/times.ttf
\g_fontspec_family_Times New Roman_int=\count284
Requested font "Times New Roman/B/ICU" at 10.0pt
 -> C:/Windows/Fonts/timesbd.ttf
Requested font "Times New Roman/B/B/ICU" at 10.0pt
 -> C:/Windows/Fonts/timesbd.ttf
Requested font "Times New Roman/I/ICU" at 10.0pt
 -> C:/Windows/Fonts/timesi.ttf
Requested font "Times New Roman/I/I/ICU" at 10.0pt
 -> C:/Windows/Fonts/timesi.ttf
Requested font "Times New Roman/BI/ICU" at 10.0pt
 -> C:/Windows/Fonts/timesbi.ttf
Requested font "Times New Roman/BI/BI/ICU" at 10.0pt
 -> C:/Windows/Fonts/timesbi.ttf
.................................................
. fontspec info: "defining-font"
. 
. Font family 'TimesNewRoman(0)' created for font 'Times New Roman' with
. options [].
. 
. This font family consists of the following shapes:
. 
. * 'normal' with NFSS spec.:
. <->"Times New Roman/ICU:script=latn;language=DFLT;"
. 
. * 'small caps' with NFSS spec.:
. <->"Times New Roman/ICU:script=latn;language=DFLT;+smcp;"
. 
. * 'bold' with NFSS spec.:
. <->"Times New Roman/B/ICU:script=latn;language=DFLT;"
. 
. * 'bold small caps' with NFSS spec.:
. <->"Times New Roman/B/ICU:script=latn;language=DFLT;+smcp;"
. 
. * 'italic' with NFSS spec.:
. <->"Times New Roman/I/ICU:script=latn;language=DFLT;"
. 
. * 'italic small caps' with NFSS spec.:
. <->"Times New Roman/I/ICU:script=latn;language=DFLT;+smcp;"
. 
. * 'bold italic' with NFSS spec.:
. <->"Times New Roman/BI/ICU:script=latn;language=DFLT;"
. 
. * 'bold italic small caps' with NFSS spec.:
. <->"Times New Roman/BI/ICU:script=latn;language=DFLT;+smcp;"
.................................................
Requested font "Times New Roman/ICU:script=latn;language=DFLT;" at 10.0pt
 -> C:/Windows/Fonts/times.ttf

(D:\CTEX\MiKTeX\tex\latex\fancyhdr\fancyhdr.sty
\fancy@headwidth=\skip68
\f@ncyO@elh=\skip69
\f@ncyO@erh=\skip70
\f@ncyO@olh=\skip71
\f@ncyO@orh=\skip72
\f@ncyO@elf=\skip73
\f@ncyO@erf=\skip74
\f@ncyO@olf=\skip75
\f@ncyO@orf=\skip76
)
(D:\CTEX\MiKTeX\tex\latex\lastpage\lastpage.sty
Package: lastpage 2011/09/01 v1.2k Refers to last page's name (HMM; JPG)
)
(D:\cygwin64\home\document\suibe\2018\dongzheng\paper\latex_article\dongzheng.a
ux)
LaTeX Font Info:    Checking defaults for OML/cmm/m/it on input line 103.
LaTeX Font Info:    ... okay on input line 103.
LaTeX Font Info:    Checking defaults for T1/cmr/m/n on input line 103.
LaTeX Font Info:    ... okay on input line 103.
LaTeX Font Info:    Checking defaults for OT1/cmr/m/n on input line 103.
LaTeX Font Info:    ... okay on input line 103.
LaTeX Font Info:    Checking defaults for OMS/cmsy/m/n on input line 103.
LaTeX Font Info:    ... okay on input line 103.
LaTeX Font Info:    Checking defaults for OMX/cmex/m/n on input line 103.
LaTeX Font Info:    ... okay on input line 103.
LaTeX Font Info:    Checking defaults for U/cmr/m/n on input line 103.
LaTeX Font Info:    ... okay on input line 103.
LaTeX Font Info:    Checking defaults for EU1/lmr/m/n on input line 103.
LaTeX Font Info:    ... okay on input line 103.
LaTeX Font Info:    Checking defaults for T3/cmr/m/n on input line 103.
LaTeX Font Info:    Try loading font information for T3+cmr on input line 103.
 (D:\CTEX\MiKTeX\tex\latex\tipa\t3cmr.fd
File: t3cmr.fd 2001/12/31 TIPA font definitions
)
LaTeX Font Info:    ... okay on input line 103.
LaTeX Font Info:    Checking defaults for TS1/cmr/m/n on input line 103.
LaTeX Font Info:    Try loading font information for TS1+cmr on input line 103.


(D:\CTEX\MiKTeX\tex\latex\base\ts1cmr.fd
File: ts1cmr.fd 1999/05/25 v2.5h Standard LaTeX font definitions
)
LaTeX Font Info:    ... okay on input line 103.
.................................................
. fontspec info: "setup-math"
. 
. Adjusting the maths setup (use [no-math] to avoid this).
.................................................
\symlegacymaths=\mathgroup4
LaTeX Font Info:    Overwriting symbol font `legacymaths' in version `bold'
(Font)                  OT1/cmr/m/n --> OT1/cmr/bx/n on input line 103.
LaTeX Font Info:    Redeclaring math accent \acute on input line 103.
LaTeX Font Info:    Redeclaring math accent \grave on input line 103.
LaTeX Font Info:    Redeclaring math accent \ddot on input line 103.
LaTeX Font Info:    Redeclaring math accent \tilde on input line 103.
LaTeX Font Info:    Redeclaring math accent \bar on input line 103.
LaTeX Font Info:    Redeclaring math accent \breve on input line 103.
LaTeX Font Info:    Redeclaring math accent \check on input line 103.
LaTeX Font Info:    Redeclaring math accent \hat on input line 103.
LaTeX Font Info:    Redeclaring math accent \dot on input line 103.
LaTeX Font Info:    Redeclaring math accent \mathring on input line 103.
LaTeX Font Info:    Redeclaring math symbol \Gamma on input line 103.
LaTeX Font Info:    Redeclaring math symbol \Delta on input line 103.
LaTeX Font Info:    Redeclaring math symbol \Theta on input line 103.
LaTeX Font Info:    Redeclaring math symbol \Lambda on input line 103.
LaTeX Font Info:    Redeclaring math symbol \Xi on input line 103.
LaTeX Font Info:    Redeclaring math symbol \Pi on input line 103.
LaTeX Font Info:    Redeclaring math symbol \Sigma on input line 103.
LaTeX Font Info:    Redeclaring math symbol \Upsilon on input line 103.
LaTeX Font Info:    Redeclaring math symbol \Phi on input line 103.
LaTeX Font Info:    Redeclaring math symbol \Psi on input line 103.
LaTeX Font Info:    Redeclaring math symbol \Omega on input line 103.
LaTeX Font Info:    Redeclaring math symbol \mathdollar on input line 103.
LaTeX Font Info:    Redeclaring symbol font `operators' on input line 103.
LaTeX Font Info:    Encoding `OT1' has changed to `EU1' for symbol font
(Font)              `operators' in the math version `normal' on input line 103.

LaTeX Font Info:    Overwriting symbol font `operators' in version `normal'
(Font)                  OT1/cmr/m/n --> EU1/TimesNewRoman(0)/m/n on input line 
103.
LaTeX Font Info:    Encoding `OT1' has changed to `EU1' for symbol font
(Font)              `operators' in the math version `bold' on input line 103.
LaTeX Font Info:    Overwriting symbol font `operators' in version `bold'
(Font)                  OT1/cmr/bx/n --> EU1/TimesNewRoman(0)/m/n on input line
 103.
LaTeX Font Info:    Overwriting symbol font `operators' in version `normal'
(Font)                  EU1/TimesNewRoman(0)/m/n --> EU1/TimesNewRoman(0)/m/n o
n input line 103.
LaTeX Font Info:    Overwriting math alphabet `\mathrm' in version `normal'
(Font)                  EU1/TimesNewRoman(0)/m/n --> EU1/TimesNewRoman(0)/m/n o
n input line 103.
LaTeX Font Info:    Overwriting math alphabet `\mathit' in version `normal'
(Font)                  OT1/cmr/m/it --> EU1/TimesNewRoman(0)/m/it on input lin
e 103.
LaTeX Font Info:    Overwriting math alphabet `\mathbf' in version `normal'
(Font)                  OT1/cmr/bx/n --> EU1/TimesNewRoman(0)/bx/n on input lin
e 103.
LaTeX Font Info:    Overwriting math alphabet `\mathsf' in version `normal'
(Font)                  OT1/cmss/m/n --> EU1/phv/m/n on input line 103.
LaTeX Font Info:    Overwriting math alphabet `\mathtt' in version `normal'
(Font)                  OT1/cmtt/m/n --> EU1/pcr/m/n on input line 103.
LaTeX Font Info:    Overwriting symbol font `operators' in version `bold'
(Font)                  EU1/TimesNewRoman(0)/m/n --> EU1/TimesNewRoman(0)/bx/n 
on input line 103.
LaTeX Font Info:    Overwriting math alphabet `\mathrm' in version `bold'
(Font)                  EU1/TimesNewRoman(0)/m/n --> EU1/TimesNewRoman(0)/bx/n 
on input line 103.
LaTeX Font Info:    Overwriting math alphabet `\mathit' in version `bold'
(Font)                  OT1/cmr/bx/it --> EU1/TimesNewRoman(0)/bx/it on input l
ine 103.
LaTeX Font Info:    Overwriting math alphabet `\mathsf' in version `bold'
(Font)                  OT1/cmss/bx/n --> EU1/phv/bx/n on input line 103.
LaTeX Font Info:    Overwriting math alphabet `\mathtt' in version `bold'
(Font)                  OT1/cmtt/m/n --> EU1/pcr/bx/n on input line 103.

*geometry* detected driver: pdftex
*geometry* verbose mode - [ preamble ] result:
* driver: pdftex
* paper: a4paper
* layout: <same size as paper>
* layoutoffset:(h,v)=(0.0pt,0.0pt)
* modes: 
* h-part:(L,W,R)=(90.19518pt, 417.11752pt, 90.19518pt)
* v-part:(T,H,B)=(72.2698pt, 700.50723pt, 72.2698pt)
* \paperwidth=597.50787pt
* \paperheight=845.04684pt
* \textwidth=417.11752pt
* \textheight=700.50723pt
* \oddsidemargin=17.92519pt
* \evensidemargin=17.92519pt
* \topmargin=-37.00018pt
* \headheight=12.0pt
* \headsep=25.0pt
* \topskip=10.0pt
* \footskip=30.0pt
* \marginparwidth=57.0pt
* \marginparsep=11.0pt
* \columnsep=10.0pt
* \skip\footins=9.0pt plus 4.0pt minus 2.0pt
* \hoffset=0.0pt
* \voffset=0.0pt
* \mag=1000
* \@twocolumnfalse
* \@twosidefalse
* \@mparswitchfalse
* \@reversemarginfalse
* (1in=72.27pt=25.4mm, 1cm=28.453pt)

\c@lstlisting=\count285
Package lastpage Info: Please have a look at the pageslts package at
(lastpage)             http://www.ctan.org/tex-archive/ 
(lastpage)             macros/latex/contrib/pageslts/ 
(lastpage)             or
(lastpage)             http://www.ctan.org/tex-archive/ 
(lastpage)             install/macros/latex/contrib/pageslts.tds.zip
(lastpage)             ! on input line 103.

Package xeCJK Warning: Unknown CJK family `sf' is ignored.
Use \setCJKfamilyfont to define a CJK family. on input line 116.

LaTeX Font Info:    Try loading font information for EU1+phv on input line 116.

LaTeX Font Info:    No file EU1phv.fd. on input line 116.

LaTeX Font Warning: Font shape `EU1/phv/m/n' undefined
(Font)              using `EU1/lmr/m/n' instead on input line 116.

File: logo.jpg Graphic file (type QTm)
<use  "logo.jpg" >
Requested font "[lmroman17-regular]:mapping=tex-text" at 20.0pt
 -> D:/CTEX/MiKTeX/fonts/opentype/public/lm/lmroman17-regular.otf
Requested font "[lmroman17-regular]:mapping=tex-text" at 16.0pt
 -> D:/CTEX/MiKTeX/fonts/opentype/public/lm/lmroman17-regular.otf
Requested font "å^^8d^^8eæ^^96^^87ä¸­å®^^8b" at 16.0pt
 -> C:/Windows/Fonts/STZHONGS.TTF
Requested font "å^^8d^^8eæ^^96^^87ä¸­å®^^8b/ICU" at 16.0pt
 -> C:/Windows/Fonts/STZHONGS.TTF
.................................................
. fontspec info: "no-scripts"
. 
. Font 华文中宋 does not contain any OpenType `Script' information.
.................................................
\g_fontspec_family_华文中宋_int=\count286
Requested font "å^^8d^^8eæ^^96^^87ä¸­å®^^8b/ICU" at 16.0pt
 -> C:/Windows/Fonts/STZHONGS.TTF
Requested font "å^^8d^^8eæ^^96^^87ä¸­å®^^8b/ICU" at 16.0pt
 -> C:/Windows/Fonts/STZHONGS.TTF
Requested font "å^^8d^^8eæ^^96^^87ä¸­å®^^8b/B/ICU" at 16.0pt
 -> C:/Windows/Fonts/STZHONGS.TTF
.................................................
. fontspec info: "no-font-shape"
. 
. Could not resolve font 华文中宋/B (it probably doesn't exist).
.................................................
Requested font "å^^8d^^8eæ^^96^^87ä¸­å®^^8b/ICU" at 16.0pt
 -> C:/Windows/Fonts/STZHONGS.TTF
Requested font "å^^8d^^8eæ^^96^^87ä¸­å®^^8b/I/ICU" at 16.0pt
 -> C:/Windows/Fonts/STZHONGS.TTF
.................................................
. fontspec info: "no-font-shape"
. 
. Could not resolve font 华文中宋/I (it probably doesn't exist).
.................................................
Requested font "å^^8d^^8eæ^^96^^87ä¸­å®^^8b/ICU" at 16.0pt
 -> C:/Windows/Fonts/STZHONGS.TTF
Requested font "å^^8d^^8eæ^^96^^87ä¸­å®^^8b/BI/ICU" at 16.0pt
 -> C:/Windows/Fonts/STZHONGS.TTF
.................................................
. fontspec info: "no-font-shape"
. 
. Could not resolve font 华文中宋/BI (it probably doesn't exist).
.................................................
.................................................
. fontspec info: "defining-font"
. 
. Font family '华文中宋(0)' created for font '华文中宋' with options []
.
. 
. This font family consists of the following shapes:
. 
. * 'normal' with NFSS spec.:
. <->"华文中宋/ICU:"
.................................................
Requested font "å^^8d^^8eæ^^96^^87ä¸­å®^^8b/ICU:" at 16.0pt
 -> C:/Windows/Fonts/STZHONGS.TTF
Requested font "å^^8d^^8eæ^^96^^87ä¸­å®^^8b/ICU:" at 16.0pt
 -> C:/Windows/Fonts/STZHONGS.TTF
Requested font "[lmroman12-regular]:mapping=tex-text" at 12.0pt
 -> D:/CTEX/MiKTeX/fonts/opentype/public/lm/lmroman12-regular.otf
Requested font "å®^^8bä½^^93" at 12.0pt
 -> D:/CTEX/CTeX/fonts/truetype/chinese/simsun.ttf
Requested font "å®^^8bä½^^93/ICU" at 12.0pt
 -> D:/CTEX/CTeX/fonts/truetype/chinese/simsun.ttf
\g_fontspec_family_宋体_int=\count287
Requested font "å®^^8bä½^^93/ICU" at 12.0pt
 -> D:/CTEX/CTeX/fonts/truetype/chinese/simsun.ttf
Requested font "å®^^8bä½^^93/ICU" at 12.0pt
 -> D:/CTEX/CTeX/fonts/truetype/chinese/simsun.ttf
Requested font "å®^^8bä½^^93/B/ICU" at 12.0pt
 -> D:/CTEX/CTeX/fonts/truetype/chinese/simsun.ttf
.................................................
. fontspec info: "no-font-shape"
. 
. Could not resolve font 宋体/B (it probably doesn't exist).
.................................................
Requested font "å®^^8bä½^^93/ICU" at 12.0pt
 -> D:/CTEX/CTeX/fonts/truetype/chinese/simsun.ttf
Requested font "å®^^8bä½^^93/I/ICU" at 12.0pt
 -> D:/CTEX/CTeX/fonts/truetype/chinese/simsun.ttf
.................................................
. fontspec info: "no-font-shape"
. 
. Could not resolve font 宋体/I (it probably doesn't exist).
.................................................
Requested font "å®^^8bä½^^93/ICU" at 12.0pt
 -> D:/CTEX/CTeX/fonts/truetype/chinese/simsun.ttf
Requested font "å®^^8bä½^^93/BI/ICU" at 12.0pt
 -> D:/CTEX/CTeX/fonts/truetype/chinese/simsun.ttf
.................................................
. fontspec info: "no-font-shape"
. 
. Could not resolve font 宋体/BI (it probably doesn't exist).
.................................................
.................................................
. fontspec info: "defining-font"
. 
. Font family '宋体(0)' created for font '宋体' with options [].
. 
. This font family consists of the following shapes:
. 
. * 'normal' with NFSS spec.:
. <->"宋体/ICU:script=latn;language=DFLT;"
.................................................
Requested font "å®^^8bä½^^93/ICU:script=latn;language=DFLT;" at 12.0pt
 -> D:/CTEX/CTeX/fonts/truetype/chinese/simsun.ttf
Requested font "å®^^8bä½^^93/ICU:script=latn;language=DFLT;" at 12.0pt
 -> D:/CTEX/CTeX/fonts/truetype/chinese/simsun.ttf


LaTeX Font Warning: Font shape `EU1/phv/m/it' undefined
(Font)              using `EU1/phv/m/n' instead on input line 116.

Requested font "[lmroman12-regular]:mapping=tex-text" at 14.0pt
 -> D:/CTEX/MiKTeX/fonts/opentype/public/lm/lmroman12-regular.otf
Requested font "å®^^8bä½^^93" at 14.0pt
 -> D:/CTEX/CTeX/fonts/truetype/chinese/simsun.ttf
Requested font "å®^^8bä½^^93/ICU" at 14.0pt
 -> D:/CTEX/CTeX/fonts/truetype/chinese/simsun.ttf
.................................................
. fontspec info: "defining-font"
. 
. Font family '宋体(0)' created for font '宋体' with options [].
. 
. This font family consists of the following shapes:
.................................................
Requested font "å®^^8bä½^^93/ICU:script=latn;language=DFLT;" at 14.0pt
 -> D:/CTEX/CTeX/fonts/truetype/chinese/simsun.ttf
Requested font "å®^^8bä½^^93/ICU:script=latn;language=DFLT;" at 14.0pt
 -> D:/CTEX/CTeX/fonts/truetype/chinese/simsun.ttf
[0

]
Requested font "Times New Roman/ICU:script=latn;language=DFLT;" at 17.28pt
 -> C:/Windows/Fonts/times.ttf
Requested font "Times New Roman/ICU:script=latn;language=DFLT;" at 16.0pt
 -> C:/Windows/Fonts/times.ttf
Requested font "Times New Roman/ICU:script=latn;language=DFLT;" at 12.0pt
 -> C:/Windows/Fonts/times.ttf
Requested font "Times New Roman/ICU:script=latn;language=DFLT;" at 8.0pt
 -> C:/Windows/Fonts/times.ttf
Requested font "Times New Roman/ICU:script=latn;language=DFLT;" at 6.0pt
 -> C:/Windows/Fonts/times.ttf
Requested font "cmmi12" at 12.0pt
 -> cmmi12
Requested font "cmmi8" at 8.0pt
 -> cmmi8
Requested font "cmmi6" at 6.0pt
 -> cmmi6
Requested font "cmsy10" at 12.0pt
 -> cmsy10
Requested font "cmsy8" at 8.0pt
 -> cmsy8
Requested font "cmsy6" at 6.0pt
 -> cmsy6
Requested font "cmex10" at 12.0pt
 -> cmex10
Requested font "cmex8" at 8.0pt
 -> cmex8
Requested font "cmex7" at 6.0pt
 -> cmex7
Requested font "cmr12" at 12.0pt
 -> cmr12
Requested font "cmr8" at 8.0pt
 -> cmr8
Requested font "cmr6" at 6.0pt
 -> cmr6
Requested font "Times New Roman/ICU:script=latn;language=DFLT;" at 9.0pt
 -> C:/Windows/Fonts/times.ttf
Requested font "Times New Roman/B/ICU:script=latn;language=DFLT;" at 9.0pt
 -> C:/Windows/Fonts/timesbd.ttf
Requested font "Times New Roman/B/ICU:script=latn;language=DFLT;" at 14.0pt
 -> C:/Windows/Fonts/timesbd.ttf
Requested font "é»^^91ä½^^93" at 14.0pt
 -> C:/Windows/Fonts/simhei.ttf
Requested font "é»^^91ä½^^93/ICU" at 14.0pt
 -> C:/Windows/Fonts/simhei.ttf
\g_fontspec_family_黑体_int=\count288
Requested font "é»^^91ä½^^93/ICU" at 14.0pt
 -> C:/Windows/Fonts/simhei.ttf
Requested font "é»^^91ä½^^93/ICU" at 14.0pt
 -> C:/Windows/Fonts/simhei.ttf
Requested font "é»^^91ä½^^93/B/ICU" at 14.0pt
 -> C:/Windows/Fonts/simhei.ttf
.................................................
. fontspec info: "no-font-shape"
. 
. Could not resolve font 黑体/B (it probably doesn't exist).
.................................................
Requested font "é»^^91ä½^^93/ICU" at 14.0pt
 -> C:/Windows/Fonts/simhei.ttf
Requested font "é»^^91ä½^^93/I/ICU" at 14.0pt
 -> C:/Windows/Fonts/simhei.ttf
.................................................
. fontspec info: "no-font-shape"
. 
. Could not resolve font 黑体/I (it probably doesn't exist).
.................................................
Requested font "é»^^91ä½^^93/ICU" at 14.0pt
 -> C:/Windows/Fonts/simhei.ttf
Requested font "é»^^91ä½^^93/BI/ICU" at 14.0pt
 -> C:/Windows/Fonts/simhei.ttf
.................................................
. fontspec info: "no-font-shape"
. 
. Could not resolve font 黑体/BI (it probably doesn't exist).
.................................................
.................................................
. fontspec info: "defining-font"
. 
. Font family '黑体(0)' created for font '黑体' with options [].
. 
. This font family consists of the following shapes:
. 
. * 'normal' with NFSS spec.:
. <->"黑体/ICU:script=latn;language=DFLT;"
.................................................


LaTeX Font Warning: Font shape `EU1/黑体(0)/bx/n' undefined
(Font)              using `EU1/黑体(0)/m/n' instead on input line 128.

Requested font "é»^^91ä½^^93/ICU:script=latn;language=DFLT;" at 14.0pt
 -> C:/Windows/Fonts/simhei.ttf
Requested font "é»^^91ä½^^93/ICU:script=latn;language=DFLT;" at 14.0pt
 -> C:/Windows/Fonts/simhei.ttf
Requested font "Times New Roman/ICU:script=latn;language=DFLT;" at 14.0pt
 -> C:/Windows/Fonts/times.ttf
Requested font "é»^^91ä½^^93" at 14.0pt
 -> C:/Windows/Fonts/simhei.ttf
Requested font "é»^^91ä½^^93/ICU" at 14.0pt
 -> C:/Windows/Fonts/simhei.ttf
.................................................
. fontspec info: "defining-font"
. 
. Font family '黑体(0)' created for font '黑体' with options [].
. 
. This font family consists of the following shapes:
.................................................
Requested font "é»^^91ä½^^93/ICU:script=latn;language=DFLT;" at 14.0pt
 -> C:/Windows/Fonts/simhei.ttf
[1]
Requested font "Times New Roman/ICU:script=latn;language=DFLT;" at 15.0pt
 -> C:/Windows/Fonts/times.ttf
Requested font "å®^^8bä½^^93" at 14.0pt
 -> D:/CTEX/CTeX/fonts/truetype/chinese/simsun.ttf
Requested font "å®^^8bä½^^93/ICU" at 14.0pt
 -> D:/CTEX/CTeX/fonts/truetype/chinese/simsun.ttf
.................................................
. fontspec info: "defining-font"
. 
. Font family '宋体(0)' created for font '宋体' with options [].
. 
. This font family consists of the following shapes:
.................................................
Requested font "å®^^8bä½^^93/ICU:script=latn;language=DFLT;" at 14.0pt
 -> D:/CTEX/CTeX/fonts/truetype/chinese/simsun.ttf

(D:\cygwin64\home\document\suibe\2018\dongzheng\paper\latex_article\dongzheng.t
oc
Requested font "å®^^8bä½^^93" at 14.0pt
 -> D:/CTEX/CTeX/fonts/truetype/chinese/simsun.ttf
Requested font "å®^^8bä½^^93/ICU" at 14.0pt
 -> D:/CTEX/CTeX/fonts/truetype/chinese/simsun.ttf
.................................................
. fontspec info: "defining-font"
. 
. Font family '宋体(0)' created for font '宋体' with options [].
. 
. This font family consists of the following shapes:
.................................................


LaTeX Font Warning: Font shape `EU1/宋体(0)/bx/n' undefined
(Font)              using `EU1/宋体(0)/m/n' instead on input line 1.

Requested font "å®^^8bä½^^93/ICU:script=latn;language=DFLT;" at 14.0pt
 -> D:/CTEX/CTeX/fonts/truetype/chinese/simsun.ttf

Overfull \hbox (5.59991pt too wide) detected at line 1
\xeCJK@rm/bx/n/14 一、|  
 []


Overfull \hbox (5.59991pt too wide) detected at line 2
\xeCJK@rm/bx/n/14 二、|  
 []


Overfull \hbox (5.59991pt too wide) detected at line 3
\xeCJK@rm/bx/n/14 三、|  
 []


Overfull \hbox (5.59991pt too wide) detected at line 4
\xeCJK@rm/bx/n/14 四、|  
 []


Overfull \hbox (5.59991pt too wide) detected at line 5
\xeCJK@rm/bx/n/14 五、|  
 []


Overfull \hbox (5.59991pt too wide) detected at line 6
\xeCJK@rm/bx/n/14 六、|  
 []


Overfull \hbox (5.59991pt too wide) detected at line 7
\xeCJK@rm/bx/n/14 七、|  
 []

)
\tf@toc=\write3


LaTeX Font Warning: Font shape `EU1/TimesNewRoman(0)/m/sl' undefined
(Font)              using `EU1/TimesNewRoman(0)/m/n' instead on input line 152.



Package xeCJK Warning: Unknown CJK family `SONG' is ignored.
Use \setCJKfamilyfont to define a CJK family. on input line 152.

Requested font "å®^^8bä½^^93" at 14.0pt
 -> D:/CTEX/CTeX/fonts/truetype/chinese/simsun.ttf
Requested font "å®^^8bä½^^93/ICU" at 14.0pt
 -> D:/CTEX/CTeX/fonts/truetype/chinese/simsun.ttf
.................................................
. fontspec info: "defining-font"
. 
. Font family '宋体(0)' created for font '宋体' with options [].
. 
. This font family consists of the following shapes:
.................................................

LaTeX Font Warning: Font shape `EU1/宋体(0)/m/sl' undefined
(Font)              using `EU1/宋体(0)/m/n' instead on input line 152.

Requested font "å®^^8bä½^^93/ICU:script=latn;language=DFLT;" at 14.0pt
 -> D:/CTEX/CTeX/fonts/truetype/chinese/simsun.ttf

Package Fancyhdr Warning: \headheight is too small (12.0pt): 
 Make it at least 14.75629pt.
 We now make it that large for the rest of the document.
 This may cause the page layout to be inconsistent, however.

[2]
Requested font "é»^^91ä½^^93" at 15.0pt
 -> C:/Windows/Fonts/simhei.ttf
Requested font "é»^^91ä½^^93/ICU" at 15.0pt
 -> C:/Windows/Fonts/simhei.ttf
.................................................
. fontspec info: "defining-font"
. 
. Font family '黑体(0)' created for font '黑体' with options [].
. 
. This font family consists of the following shapes:
.................................................
Requested font "é»^^91ä½^^93/ICU:script=latn;language=DFLT;" at 15.0pt
 -> C:/Windows/Fonts/simhei.ttf
Requested font "é»^^91ä½^^93/ICU:script=latn;language=DFLT;" at 15.0pt
 -> C:/Windows/Fonts/simhei.ttf
 [3]
(D:\cygwin64\home\document\suibe\2018\dongzheng\paper\latex_article\dongzheng.b
bl

Package natbib Warning: Empty `thebibliography' environment on input line 8.

) [4] 
AED: lastpage setting LastPage
[5]
(D:\cygwin64\home\document\suibe\2018\dongzheng\paper\latex_article\dongzheng.a
ux)

LaTeX Font Warning: Some font shapes were not available, defaults substituted.

 ) 
Here is how much of TeX's memory you used:
 18414 strings out of 430478
 356942 string characters out of 3191501
 378484 words of memory out of 3000000
 21294 multiletter control sequences out of 15000+200000
 7362 words of font info for 65 fonts, out of 3000000 for 9000
 14 hyphenation exceptions out of 8191
 43i,12n,52p,558b,419s stack positions out of 5000i,500n,10000p,200000b,50000s

Output written on dongzheng.pdf (6 pages).
